#
# A fatal error has been detected by the Java Runtime Environment:
#
#  Internal Error (javaClasses.cpp:136), pid=7324, tid=9584
#  fatal error: Invalid layout of preloaded class
#
# JRE version:  (7.0_51-b13) (build )
# Java VM: Java HotSpot(TM) Client VM (24.51-b03 mixed mode windows-x86 )
# Failed to write core dump. Minidumps are not enabled by default on client versions of Windows
#
# If you would like to submit a bug report, please visit:
#   http://bugreport.sun.com/bugreport/crash.jsp
#

---------------  T H R E A D  ---------------

Current thread (0x0098c400):  JavaThread "Unknown thread" [_thread_in_vm, id=9584, stack(0x00bb0000,0x00c00000)]

Stack: [0x00bb0000,0x00c00000],  sp=0x00bff5f8,  free space=317k
Native frames: (J=compiled Java code, j=interpreted, Vv=VM code, C=native code)
V  [jvm.dll+0x18e0f1]
V  [jvm.dll+0x187e66]
V  [jvm.dll+0x3586a]
V  [jvm.dll+0x358f6]
V  [jvm.dll+0x4400d]
V  [jvm.dll+0x442be]
V  [jvm.dll+0x9263a]
V  [jvm.dll+0x929eb]
V  [jvm.dll+0x13dc51]
V  [jvm.dll+0x16076c]
V  [jvm.dll+0xc8ebf]
C  [javaw.exe+0x13ce]
C  [javaw.exe+0x1e40]
C  [javaw.exe+0xa5b1]
C  [javaw.exe+0xa63b]
C  [kernel32.dll+0x133aa]
C  [ntdll.dll+0x39ef2]
C  [ntdll.dll+0x39ec5]


---------------  P R O C E S S  ---------------

Java Threads: ( => current thread )

Other Threads:

=>0x0098c400 (exited) JavaThread "Unknown thread" [_thread_in_vm, id=9584, stack(0x00bb0000,0x00c00000)]

VM state:not at safepoint (not fully initialized)

VM Mutex/Monitor currently owned by a thread: None

GC Heap History (0 events):
No events

Deoptimization events (0 events):
No events

Internal exceptions (0 events):
No events

Events (10 events):
Event: 0.022 loading class 0x00a09e60 done
Event: 0.022 loading class 0x00a098f0 done
Event: 0.022 loading class 0x00a098d0
Event: 0.022 loading class 0x00a10bf8
Event: 0.022 loading class 0x00a10bf8 done
Event: 0.022 loading class 0x00a10c28
Event: 0.022 loading class 0x00a10c28 done
Event: 0.022 loading class 0x00a10c58
Event: 0.022 loading class 0x00a10c58 done
Event: 0.022 loading class 0x00a098d0 done


Dynamic libraries:
0x00ce0000 - 0x00d0f000 	C:\Program Files (x86)\Java\jre7\bin\javaw.exe
0x77870000 - 0x779f0000 	C:\Windows\SysWOW64\ntdll.dll
0x75320000 - 0x75430000 	C:\Windows\syswow64\kernel32.dll
0x76800000 - 0x76847000 	C:\Windows\syswow64\KERNELBASE.dll
0x76760000 - 0x76800000 	C:\Windows\syswow64\ADVAPI32.dll
0x772c0000 - 0x7736c000 	C:\Windows\syswow64\msvcrt.dll
0x766a0000 - 0x766b9000 	C:\Windows\SysWOW64\sechost.dll
0x75430000 - 0x75520000 	C:\Windows\syswow64\RPCRT4.dll
0x752c0000 - 0x75320000 	C:\Windows\syswow64\SspiCli.dll
0x752b0000 - 0x752bc000 	C:\Windows\syswow64\CRYPTBASE.dll
0x77370000 - 0x77470000 	C:\Windows\syswow64\USER32.dll
0x75930000 - 0x759c0000 	C:\Windows\syswow64\GDI32.dll
0x76670000 - 0x7667a000 	C:\Windows\syswow64\LPK.dll
0x768c0000 - 0x7695d000 	C:\Windows\syswow64\USP10.dll
0x722a0000 - 0x7243e000 	C:\Windows\WinSxS\x86_microsoft.windows.common-controls_6595b64144ccf1df_6.0.7601.17514_none_41e6975e2bd6f2b2\COMCTL32.dll
0x76850000 - 0x768a7000 	C:\Windows\syswow64\SHLWAPI.dll
0x76960000 - 0x769c0000 	C:\Windows\system32\IMM32.DLL
0x75520000 - 0x755ec000 	C:\Windows\syswow64\MSCTF.dll
0x5d360000 - 0x5d41f000 	C:\Program Files (x86)\Java\jre7\bin\msvcr100.dll
0x56c40000 - 0x56fc0000 	C:\Program Files (x86)\Java\jre7\bin\client\jvm.dll
0x73a60000 - 0x73a67000 	C:\Windows\system32\WSOCK32.dll
0x76610000 - 0x76645000 	C:\Windows\syswow64\WS2_32.dll
0x76680000 - 0x76686000 	C:\Windows\syswow64\NSI.dll
0x6faa0000 - 0x6fad2000 	C:\Windows\system32\WINMM.dll
0x76650000 - 0x76655000 	C:\Windows\syswow64\PSAPI.DLL
0x742c0000 - 0x742cc000 	C:\Program Files (x86)\Java\jre7\bin\verify.dll
0x742a0000 - 0x742c0000 	C:\Program Files (x86)\Java\jre7\bin\java.dll
0x74000000 - 0x7402a000 	C:\Program Files (x86)\Java\jre7\bin\jdwp.dll
0x74110000 - 0x74117000 	C:\Program Files (x86)\Java\jre7\bin\npt.dll
0x74280000 - 0x74293000 	C:\Program Files (x86)\Java\jre7\bin\zip.dll
0x6e340000 - 0x6e42b000 	C:\Windows\system32\dbghelp.dll

VM Arguments:
jvm_args: -agentlib:jdwp=transport=dt_socket,suspend=y,address=localhost:53405 -Dfile.encoding=Cp1252 -Xbootclasspath:C:\Android\platforms\android-19\android.jar 
java_command: org.eclipse.jdt.internal.debug.ui.snippeteditor.ScrapbookMain file:/E:/Code/Android/.metadata/.plugins/org.eclipse.core.resources/.projects/surveyapp/org.eclipse.jdt.debug.ui/ file:/E:/Code/Android/surveyapp/libs/android-support-v4.jar file:/E:/Code/Android/surveyapp/bin/classes/
Launcher Type: SUN_STANDARD

Environment Variables:
PATH=C:/Program Files (x86)/Java/jre7/bin/client;C:/Program Files (x86)/Java/jre7/bin;C:/Program Files (x86)/Java/jre7/lib/i386;C:\OCaml\emacs-23.3\bin;C:\Tcl\bin;C:\OCaml\bin;C:\Program Files (x86)\PC Connectivity Solution\;C:\Program Files\Common Files\Microsoft Shared\Windows Live;C:\Program Files (x86)\Common Files\Microsoft Shared\Windows Live;C:\Windows\system32;C:\Windows;C:\Windows\System32\Wbem;C:\Windows\System32\WindowsPowerShell\v1.0\;C:\Program Files (x86)\Sony\VAIO Startup Setting Tool;C:\Program Files (x86)\Windows Live\Shared;C:\Program Files (x86)\MinGW\bin;C:\Program Files (x86)\Java\Java3D\1.5.1\bin;C:\Program Files (x86)\CodeBlocks\MinGW\bin;C:\Program Files\doxygen\bin;E:\Android\eclipse;
USERNAME=sony
OS=Windows_NT
PROCESSOR_IDENTIFIER=Intel64 Family 6 Model 42 Stepping 7, GenuineIntel



---------------  S Y S T E M  ---------------

OS: Windows 7 , 64 bit Build 7601 Service Pack 1

CPU:total 4 (2 cores per cpu, 2 threads per core) family 6 model 42 stepping 7, cmov, cx8, fxsr, mmx, sse, sse2, sse3, ssse3, sse4.1, sse4.2, popcnt, avx, ht, tsc, tscinvbit

Memory: 4k page, physical 4140912k(896456k free), swap 8312632k(2675772k free)

vm_info: Java HotSpot(TM) Client VM (24.51-b03) for windows-x86 JRE (1.7.0_51-b13), built on Dec 18 2013 19:09:58 by "java_re" with unknown MS VC++:1600

time: Wed Apr 23 17:05:54 2014
elapsed time: 0 seconds

